<?xml version="1.0" encoding="UTF-8"?>
<!-- Generated by org.testng.reporters.JUnitXMLReporter -->
<testsuite ignored="0" hostname="TEST_Win8" failures="1" tests="1" name="google" time="41.715" errors="0" timestamp="11 oct. 2018 14:53:01 GMT">
  <testcase classname="forma.google" name="forma.google" time="41.677">
    <failure type="java.lang.NullPointerException">
      <![CDATA[java.lang.NullPointerException
at com.ats.executor.drivers.engines.WebDriverEngine.getWindowsHandle(WebDriverEngine.java:264)
at com.ats.executor.drivers.engines.WebDriverEngine.setWindowToFront(WebDriverEngine.java:877)
at com.ats.executor.channels.Channel.toFront(Channel.java:129)
at com.ats.executor.channels.Channel.setCurrent(Channel.java:241)
at com.ats.executor.channels.ChannelManager.setCurrentChannel(ChannelManager.java:65)
at com.ats.executor.channels.ChannelManager.startChannel(ChannelManager.java:96)
at com.ats.script.actions.ActionChannelStart.execute(ActionChannelStart.java:50)
at com.ats.executor.ActionTestScript.exec(ActionTestScript.java:468)
at com.ats.executor.ActionTestScript.exec(ActionTestScript.java:473)
at forma.google.testMain(google.java:57)
... Removed 29 stack frames]]>
    </failure>
  </testcase> <!-- forma.google -->
</testsuite> <!-- google -->
