<?xml version="1.0" encoding="UTF-8"?>
<!-- Generated by org.testng.reporters.JUnitXMLReporter -->
<testsuite ignored="3" hostname="TEST_Win8" failures="0" tests="1" name="testMain" time="41.822" errors="0" timestamp="12 oct. 2018 07:56:41 GMT">
  <testcase classname="forma.google" name="forma.google" time="41.79"/>
  <testcase classname="com.ats.executor.ActionTestScript" name="@AfterTest testFinished" time="0.0">
    <ignored/>
  </testcase> <!-- @AfterTest testFinished -->
  <testcase classname="subscripts.SS" name="testMain" time="0.0">
    <ignored/>
  </testcase> <!-- testMain -->
  <testcase classname="com.ats.executor.ActionTestScript" name="@BeforeSuite beforeSuite" time="0.0">
    <ignored/>
  </testcase> <!-- @BeforeSuite beforeSuite -->
</testsuite> <!-- testMain -->
