<?xml version="1.0" encoding="UTF-8"?>
<testng-results ignored="0" total="1" passed="1" failed="0" skipped="0">
  <reporter-output>
  </reporter-output>
  <suite started-at="2018-10-11T14:04:44Z" name="suite" finished-at="2018-10-11T14:04:53Z" duration-ms="9240">
    <groups>
      <group name="default">
        <method signature="Test_google.testMain()[pri:0, instance:Test_google@544fa968]" name="testMain" class="Test_google"/>
      </group> <!-- default -->
    </groups>
    <test started-at="2018-10-11T14:04:44Z" name="Test_google" finished-at="2018-10-11T14:04:53Z" duration-ms="9240">
      <class name="Test_google">
        <test-method is-config="true" signature="beforeSuite()[pri:0, instance:Test_google@544fa968]" started-at="2018-10-11T14:04:44Z" name="beforeSuite" test-instance-name="Test_google" finished-at="2018-10-11T14:04:44Z" duration-ms="39" status="PASS">
          <reporter-output>
          </reporter-output>
        </test-method> <!-- beforeSuite -->
        <test-method is-config="true" signature="beforeAtsTest(org.testng.ITestContext)[pri:0, instance:Test_google@544fa968]" started-at="2018-10-11T14:04:44Z" name="beforeAtsTest" test-instance-name="Test_google" finished-at="2018-10-11T14:04:44Z" duration-ms="95" status="PASS">
          <params>
            <param index="0">
              <value>
                <![CDATA[org.testng.TestRunner@790132f7]]>
              </value>
            </param>
          </params>
          <reporter-output>
          </reporter-output>
        </test-method> <!-- beforeAtsTest -->
        <test-method signature="testMain()[pri:0, instance:Test_google@544fa968]" started-at="2018-10-11T14:04:44Z" name="testMain" test-instance-name="Test_google" finished-at="2018-10-11T14:04:53Z" duration-ms="8631" status="PASS">
          <reporter-output>
          </reporter-output>
        </test-method> <!-- testMain -->
        <test-method is-config="true" signature="afterClass()[pri:0, instance:Test_google@544fa968]" started-at="2018-10-11T14:04:53Z" name="afterClass" test-instance-name="Test_google" finished-at="2018-10-11T14:04:53Z" duration-ms="0" status="PASS">
          <reporter-output>
          </reporter-output>
        </test-method> <!-- afterClass -->
        <test-method is-config="true" signature="testFinished()[pri:0, instance:Test_google@544fa968]" started-at="2018-10-11T14:04:53Z" name="testFinished" test-instance-name="Test_google" finished-at="2018-10-11T14:04:53Z" duration-ms="492" status="PASS">
          <reporter-output>
          </reporter-output>
        </test-method> <!-- testFinished -->
      </class> <!-- Test_google -->
    </test> <!-- Test_google -->
  </suite> <!-- suite -->
</testng-results>
