<?xml version="1.0" encoding="UTF-8"?>
<!-- Generated by org.testng.reporters.JUnitXMLReporter -->
<testsuite ignored="0" hostname="TEST_Win8" failures="1" tests="1" name="testMain" time="41.794" errors="0" timestamp="11 oct. 2018 14:03:01 GMT">
  <testcase classname="Test_google" name="Test_google" time="41.658">
    <failure type="java.lang.NullPointerException">
      <![CDATA[java.lang.NullPointerException
at com.ats.executor.drivers.engines.WebDriverEngine.getWindowsHandle(WebDriverEngine.java:264)
at com.ats.executor.drivers.engines.WebDriverEngine.setWindowToFront(WebDriverEngine.java:877)
at com.ats.executor.channels.Channel.toFront(Channel.java:129)
at com.ats.executor.channels.Channel.setCurrent(Channel.java:241)
at com.ats.executor.channels.ChannelManager.setCurrentChannel(ChannelManager.java:65)
at com.ats.executor.channels.ChannelManager.startChannel(ChannelManager.java:96)
at com.ats.script.actions.ActionChannelStart.execute(ActionChannelStart.java:50)
at com.ats.executor.ActionTestScript.exec(ActionTestScript.java:468)
at com.ats.executor.ActionTestScript.exec(ActionTestScript.java:473)
at Test_google.testMain(Test_google.java:56)
... Removed 29 stack frames]]>
    </failure>
  </testcase> <!-- Test_google -->
</testsuite> <!-- testMain -->
