<?xml version="1.0" encoding="UTF-8"?>
<testng-results ignored="3" total="4" passed="1" failed="0" skipped="0">
  <reporter-output>
  </reporter-output>
  <suite started-at="2018-10-12T07:55:59Z" name="test" finished-at="2018-10-12T07:56:41Z" duration-ms="41822">
    <groups>
      <group name="default">
        <method signature="google.testMain()[pri:0, instance:forma.google@7db12bb6]" name="testMain" class="forma.google"/>
      </group> <!-- default -->
    </groups>
    <test started-at="2018-10-12T07:55:59Z" name="testMain" finished-at="2018-10-12T07:56:41Z" duration-ms="41822">
      <class name="forma.google">
        <test-method is-config="true" signature="beforeSuite()[pri:0, instance:forma.google@7db12bb6]" started-at="2018-10-12T07:55:59Z" name="beforeSuite" test-instance-name="forma.google" finished-at="2018-10-12T07:55:59Z" duration-ms="22" status="PASS">
          <reporter-output>
          </reporter-output>
        </test-method> <!-- beforeSuite -->
        <test-method is-config="true" signature="beforeAtsTest(org.testng.ITestContext)[pri:0, instance:forma.google@7db12bb6]" started-at="2018-10-12T07:55:59Z" name="beforeAtsTest" test-instance-name="forma.google" finished-at="2018-10-12T07:55:59Z" duration-ms="7" status="PASS">
          <params>
            <param index="0">
              <value>
                <![CDATA[org.testng.TestRunner@60723d6a]]>
              </value>
            </param>
          </params>
          <reporter-output>
          </reporter-output>
        </test-method> <!-- beforeAtsTest -->
        <test-method signature="testMain()[pri:0, instance:forma.google@7db12bb6]" started-at="2018-10-12T07:55:59Z" name="testMain" test-instance-name="forma.google" finished-at="2018-10-12T07:56:41Z" duration-ms="41790" status="PASS">
          <reporter-output>
          </reporter-output>
        </test-method> <!-- testMain -->
        <test-method is-config="true" signature="afterClass()[pri:0, instance:forma.google@7db12bb6]" started-at="2018-10-12T07:56:41Z" name="afterClass" test-instance-name="forma.google" finished-at="2018-10-12T07:56:41Z" duration-ms="2" status="PASS">
          <reporter-output>
          </reporter-output>
        </test-method> <!-- afterClass -->
        <test-method is-config="true" signature="testFinished()[pri:0, instance:forma.google@7db12bb6]" started-at="2018-10-12T07:56:41Z" name="testFinished" test-instance-name="forma.google" finished-at="2018-10-12T07:56:41Z" duration-ms="2" status="PASS">
          <reporter-output>
          </reporter-output>
        </test-method> <!-- testFinished -->
      </class> <!-- forma.google -->
    </test> <!-- testMain -->
  </suite> <!-- test -->
</testng-results>
